<?xml version="1.0" encoding="UTF-8"?>
<!-- Generated by org.testng.reporters.JUnitReportReporter -->
<testsuite hostname="NSSEA-EGA-30" failures="0" tests="1" name="SeleniumPractice" time="8.398" errors="0" timestamp="2023-11-06T07:58:14 UTC" skipped="0">
  <testcase classname="SeleniumPractice" name="driverFunction" time="8.398"/>
</testsuite> <!-- SeleniumPractice -->
